#! /usr/share/iverilog-0.10.0/bin/vvp
:ivl_version "0.10.0 (devel)" "(v0_9_6)";
:ivl_delay_selection "TYPICAL";
:vpi_time_precision - 12;
:vpi_module "system";
:vpi_module "vhdl_sys";
:vpi_module "v2005_math";
:vpi_module "va_math";
:vpi_module "v2009";
S_0x227a850 .scope module, "RTL_tb" "RTL_tb" 2 4;
 .timescale -9 -12;
P_0x227a9d0 .param/l "OFFSET" 0 2 8, +C4<0>;
v0x228e2a0_0 .net "Q_out", 3 0, v0x227c3c0_0;  1 drivers
v0x228e390_0 .var "clk", 0 0;
v0x228e460_0 .var "rst_asyn", 0 0;
S_0x227c1a0 .scope module, "RTL_tb" "BCD" 2 43, 3 2 0, S_0x227a850;
 .timescale 0 0;
    .port_info 0 /INPUT 1 "clk"
    .port_info 1 /INPUT 1 "rst_asyn"
    .port_info 2 /OUTPUT 4 "Q_out"
v0x227c3c0_0 .var "Q_out", 3 0;
v0x228e090_0 .net "clk", 0 0, v0x228e390_0;  1 drivers
v0x228e150_0 .net "rst_asyn", 0 0, v0x228e460_0;  1 drivers
E_0x227ca50 .event posedge, v0x228e150_0, v0x228e090_0;
    .scope S_0x227c1a0;
T_0 ;
    %wait E_0x227ca50;
    %load/v 8, v0x228e150_0, 1;
    %jmp/0xz  T_0.0, 8;
    %set/v v0x227c3c0_0, 0, 4;
    %jmp T_0.1;
T_0.0 ;
    %load/v 8, v0x227c3c0_0, 4;
    %pad 12, 0, 2;
    %cmpi/u 8, 9, 6;
    %jmp/0xz  T_0.2, 4;
    %set/v v0x227c3c0_0, 0, 4;
    %jmp T_0.3;
T_0.2 ;
    %ix/load 0, 1, 0;
    %load/vp0 8, v0x227c3c0_0, 4;
    %set/v v0x227c3c0_0, 8, 4;
T_0.3 ;
T_0.1 ;
    %jmp T_0;
    .thread T_0;
    .scope S_0x227a850;
T_1 ;
    %delay 0, 0;
T_1.0 ;
    %set/v v0x228e390_0, 0, 1;
    %delay 2000, 0;
    %set/v v0x228e390_0, 1, 1;
    %delay 2000, 0;
    %jmp T_1.0;
    %end;
    .thread T_1;
    .scope S_0x227a850;
T_2 ;
    %delay 0, 0;
T_2.0 ;
    %set/v v0x228e460_0, 1, 1;
    %delay 5000, 0;
    %set/v v0x228e460_0, 0, 1;
    %delay 50000, 0;
    %jmp T_2.0;
    %end;
    .thread T_2;
    .scope S_0x227a850;
T_3 ;
    %delay 60000, 0;
    %vpi_call/w 2 36 "$finish" {0 0};
    %end;
    .thread T_3;
    .scope S_0x227a850;
T_4 ;
    %vpi_call/w 2 40 "$dumpfile", "RTL.vcd" {0 0};
    %vpi_call/w 2 41 "$dumpvars", 1'sb0, S_0x227c1a0 {0 0};
    %end;
    .thread T_4;
# The file index is used to find the file name in the following table.
:file_names 4;
    "N/A";
    "<interactive>";
    "testbench.sv";
    "design.sv";
